android/app/build/intermediates/manifest_merge_blame_file/debug/processDebugMainManifest/manifest-merger-blame-debug-report.txt
1<?xml version="1.0" encoding="utf-8"?>
2<manifest xmlns:android="http://schemas.android.com/apk/res/android"
3    package="com.smarthome"
4    android:versionCode="1"
5    android:versionName="1.0" >
6
7    <uses-sdk
8        android:minSdkVersion="26"
9        android:targetSdkVersion="35" />
10
11    <uses-permission android:name="android.permission.INTERNET" />
11-->src\main\AndroidManifest.xml:5:5-67
11-->src\main\AndroidManifest.xml:5:22-64
12    <uses-permission android:name="android.permission.ACCESS_NETWORK_STATE" />
12-->src\main\AndroidManifest.xml:6:5-79
12-->src\main\AndroidManifest.xml:6:22-76
13    <uses-permission android:name="android.permission.ACCESS_WIFI_STATE" />
13-->src\main\AndroidManifest.xml:7:5-76
13-->src\main\AndroidManifest.xml:7:22-73
14    <uses-permission android:name="android.permission.CHANGE_WIFI_STATE" />
14-->src\main\AndroidManifest.xml:8:5-76
14-->src\main\AndroidManifest.xml:8:22-73
15    <uses-permission android:name="android.permission.ACCESS_FINE_LOCATION" />
15-->src\main\AndroidManifest.xml:9:5-79
15-->src\main\AndroidManifest.xml:9:22-76
16    <uses-permission android:name="android.permission.ACCESS_COARSE_LOCATION" />
16-->src\main\AndroidManifest.xml:10:5-81
16-->src\main\AndroidManifest.xml:10:22-78
17
18    <permission
18-->[androidx.core:core:1.16.0] AndroidManifest.xml:22:5-24:47
19        android:name="com.smarthome.DYNAMIC_RECEIVER_NOT_EXPORTED_PERMISSION"
19-->[androidx.core:core:1.16.0] AndroidManifest.xml:23:9-81
20        android:protectionLevel="signature" />
20-->[androidx.core:core:1.16.0] AndroidManifest.xml:24:9-44
21
22    <uses-permission android:name="com.smarthome.DYNAMIC_RECEIVER_NOT_EXPORTED_PERMISSION" />
22-->[androidx.core:core:1.16.0] AndroidManifest.xml:26:5-97
22-->[androidx.core:core:1.16.0] AndroidManifest.xml:26:22-94
23
24    <application
24-->src\main\AndroidManifest.xml:12:5-35:19
25        android:name="com.smarthome.MyApplication"
25-->src\main\AndroidManifest.xml:13:9-38
26        android:allowBackup="true"
26-->src\main\AndroidManifest.xml:14:9-35
27        android:appComponentFactory="androidx.core.app.CoreComponentFactory"
27-->[androidx.core:core:1.16.0] AndroidManifest.xml:28:18-86
28        android:dataExtractionRules="@xml/data_extraction_rules"
28-->src\main\AndroidManifest.xml:15:9-65
29        android:debuggable="true"
30        android:extractNativeLibs="false"
31        android:fullBackupContent="@xml/backup_rules"
31-->src\main\AndroidManifest.xml:16:9-54
32        android:icon="@mipmap/ic_launcher"
32-->src\main\AndroidManifest.xml:17:9-43
33        android:label="Smart Home"
33-->src\main\AndroidManifest.xml:18:9-35
34        android:networkSecurityConfig="@xml/network_security_config"
34-->src\main\AndroidManifest.xml:23:9-69
35        android:roundIcon="@mipmap/ic_launcher_round"
35-->src\main\AndroidManifest.xml:19:9-54
36        android:supportsRtl="true"
36-->src\main\AndroidManifest.xml:20:9-35
37        android:testOnly="true"
38        android:theme="@style/Theme.SmartHome"
38-->src\main\AndroidManifest.xml:21:9-47
39        android:usesCleartextTraffic="true" >
39-->src\main\AndroidManifest.xml:22:9-44
40        <activity
40-->src\main\AndroidManifest.xml:26:9-34:20
41            android:name="com.smarthome.MainActivity"
41-->src\main\AndroidManifest.xml:27:13-41
42            android:exported="true"
42-->src\main\AndroidManifest.xml:28:13-36
43            android:theme="@style/Theme.SmartHome" >
43-->src\main\AndroidManifest.xml:29:13-51
44            <intent-filter>
44-->src\main\AndroidManifest.xml:30:13-33:29
45                <action android:name="android.intent.action.MAIN" />
45-->src\main\AndroidManifest.xml:31:17-69
45-->src\main\AndroidManifest.xml:31:25-66
46
47                <category android:name="android.intent.category.LAUNCHER" />
47-->src\main\AndroidManifest.xml:32:17-77
47-->src\main\AndroidManifest.xml:32:27-74
48            </intent-filter>
49        </activity>
50        <activity
50-->[androidx.compose.ui:ui-tooling-android:1.8.3] AndroidManifest.xml:23:9-25:39
51            android:name="androidx.compose.ui.tooling.PreviewActivity"
51-->[androidx.compose.ui:ui-tooling-android:1.8.3] AndroidManifest.xml:24:13-71
52            android:exported="true" />
52-->[androidx.compose.ui:ui-tooling-android:1.8.3] AndroidManifest.xml:25:13-36
53
54        <provider
54-->[androidx.emoji2:emoji2:1.4.0] AndroidManifest.xml:24:9-32:20
55            android:name="androidx.startup.InitializationProvider"
55-->[androidx.emoji2:emoji2:1.4.0] AndroidManifest.xml:25:13-67
56            android:authorities="com.smarthome.androidx-startup"
56-->[androidx.emoji2:emoji2:1.4.0] AndroidManifest.xml:26:13-68
57            android:exported="false" >
57-->[androidx.emoji2:emoji2:1.4.0] AndroidManifest.xml:27:13-37
58            <meta-data
58-->[androidx.emoji2:emoji2:1.4.0] AndroidManifest.xml:29:13-31:52
59                android:name="androidx.emoji2.text.EmojiCompatInitializer"
59-->[androidx.emoji2:emoji2:1.4.0] AndroidManifest.xml:30:17-75
60                android:value="androidx.startup" />
60-->[androidx.emoji2:emoji2:1.4.0] AndroidManifest.xml:31:17-49
61            <meta-data
61-->[androidx.lifecycle:lifecycle-process:2.9.0] AndroidManifest.xml:29:13-31:52
62                android:name="androidx.lifecycle.ProcessLifecycleInitializer"
62-->[androidx.lifecycle:lifecycle-process:2.9.0] AndroidManifest.xml:30:17-78
63                android:value="androidx.startup" />
63-->[androidx.lifecycle:lifecycle-process:2.9.0] AndroidManifest.xml:31:17-49
64            <meta-data
64-->[androidx.profileinstaller:profileinstaller:1.4.0] AndroidManifest.xml:29:13-31:52
65                android:name="androidx.profileinstaller.ProfileInstallerInitializer"
65-->[androidx.profileinstaller:profileinstaller:1.4.0] AndroidManifest.xml:30:17-85
66                android:value="androidx.startup" />
66-->[androidx.profileinstaller:profileinstaller:1.4.0] AndroidManifest.xml:31:17-49
67        </provider>
68
69        <service
69-->[androidx.room:room-runtime:2.6.1] AndroidManifest.xml:24:9-28:63
70            android:name="androidx.room.MultiInstanceInvalidationService"
70-->[androidx.room:room-runtime:2.6.1] AndroidManifest.xml:25:13-74
71            android:directBootAware="true"
71-->[androidx.room:room-runtime:2.6.1] AndroidManifest.xml:26:13-43
72            android:exported="false" />
72-->[androidx.room:room-runtime:2.6.1] AndroidManifest.xml:27:13-37
73
74        <receiver
74-->[androidx.profileinstaller:profileinstaller:1.4.0] AndroidManifest.xml:34:9-52:20
75            android:name="androidx.profileinstaller.ProfileInstallReceiver"
75-->[androidx.profileinstaller:profileinstaller:1.4.0] AndroidManifest.xml:35:13-76
76            android:directBootAware="false"
76-->[androidx.profileinstaller:profileinstaller:1.4.0] AndroidManifest.xml:36:13-44
77            android:enabled="true"
77-->[androidx.profileinstaller:profileinstaller:1.4.0] AndroidManifest.xml:37:13-35
78            android:exported="true"
78-->[androidx.profileinstaller:profileinstaller:1.4.0] AndroidManifest.xml:38:13-36
79            android:permission="android.permission.DUMP" >
79-->[androidx.profileinstaller:profileinstaller:1.4.0] AndroidManifest.xml:39:13-57
80            <intent-filter>
80-->[androidx.profileinstaller:profileinstaller:1.4.0] AndroidManifest.xml:40:13-42:29
81                <action android:name="androidx.profileinstaller.action.INSTALL_PROFILE" />
81-->[androidx.profileinstaller:profileinstaller:1.4.0] AndroidManifest.xml:41:17-91
81-->[androidx.profileinstaller:profileinstaller:1.4.0] AndroidManifest.xml:41:25-88
82            </intent-filter>
83            <intent-filter>
83-->[androidx.profileinstaller:profileinstaller:1.4.0] AndroidManifest.xml:43:13-45:29
84                <action android:name="androidx.profileinstaller.action.SKIP_FILE" />
84-->[androidx.profileinstaller:profileinstaller:1.4.0] AndroidManifest.xml:44:17-85
84-->[androidx.profileinstaller:profileinstaller:1.4.0] AndroidManifest.xml:44:25-82
85            </intent-filter>
86            <intent-filter>
86-->[androidx.profileinstaller:profileinstaller:1.4.0] AndroidManifest.xml:46:13-48:29
87                <action android:name="androidx.profileinstaller.action.SAVE_PROFILE" />
87-->[androidx.profileinstaller:profileinstaller:1.4.0] AndroidManifest.xml:47:17-88
87-->[androidx.profileinstaller:profileinstaller:1.4.0] AndroidManifest.xml:47:25-85
88            </intent-filter>
89            <intent-filter>
89-->[androidx.profileinstaller:profileinstaller:1.4.0] AndroidManifest.xml:49:13-51:29
90                <action android:name="androidx.profileinstaller.action.BENCHMARK_OPERATION" />
90-->[androidx.profileinstaller:profileinstaller:1.4.0] AndroidManifest.xml:50:17-95
90-->[androidx.profileinstaller:profileinstaller:1.4.0] AndroidManifest.xml:50:25-92
91            </intent-filter>
92        </receiver>
93    </application>
94
95</manifest>